2025-01-20 23:21:47,419 [Worker-4: Loading available Gradle versions] INFO  o.e.b.c.i.u.g.PublishedGradleVersions - Gradle version information cache is up-to-date. Trying to read.
2025-01-20 23:22:29,559 [Worker-8: Maven プロジェクトのインポート中] INFO  o.e.m.c.i.l.LifecycleMappingFactory - Using org.eclipse.m2e.jdt.JarLifecycleMapping lifecycle mapping for MavenProject: com.example:2404teamDevelopment:0.0.1-SNAPSHOT @ C:\Users\kazu-\2404\2404teamDevelopment\pom.xml.
2025-01-20 23:22:30,806 [Worker-8: Maven プロジェクトのインポート中] WARN  o.a.m.r.i.DefaultArtifactDescriptorReader - 1 problem was encountered while building the effective model for org.javassist:javassist:jar:3.20.0-GA during dependency collection step for project (use -X to see details)
2025-01-20 23:22:36,797 [Worker-8: Maven プロジェクトのインポート中] INFO  o.e.m.j.i.AbstractJavaProjectConfigurator - Adding source folder /2404teamDevelopment/src/main/java
2025-01-20 23:22:36,799 [Worker-8: Maven プロジェクトのインポート中] INFO  o.e.m.j.i.AbstractJavaProjectConfigurator - Adding resource folder /2404teamDevelopment/src/main/resources
2025-01-20 23:22:36,800 [Worker-8: Maven プロジェクトのインポート中] INFO  o.e.m.j.i.AbstractJavaProjectConfigurator - Adding resource folder /2404teamDevelopment/src/main/resources
2025-01-20 23:22:36,800 [Worker-8: Maven プロジェクトのインポート中] INFO  o.e.m.j.i.AbstractJavaProjectConfigurator - Adding source folder /2404teamDevelopment/src/test/java
2025-01-20 23:22:36,801 [Worker-8: Maven プロジェクトのインポート中] INFO  o.e.m.j.i.AbstractJavaProjectConfigurator - Adding resource folder /2404teamDevelopment/src/test/resources
2025-01-20 23:22:37,028 [Worker-8: Maven プロジェクトのインポート中] INFO  o.e.m.c.i.p.ProjectConfigurationManager - Imported and configured 1 project(s) in 12 sec
2025-01-20 23:22:37,245 [Worker-4: Maven プロジェクトの更新中] INFO  o.e.m.c.i.p.ProjectConfigurationManager - Update started
2025-01-20 23:22:37,438 [Worker-4: Maven プロジェクトの更新中] INFO  o.e.m.c.i.l.LifecycleMappingFactory - Using org.eclipse.m2e.jdt.JarLifecycleMapping lifecycle mapping for MavenProject: com.example:2404teamDevelopment:0.0.1-SNAPSHOT @ C:\Users\kazu-\2404\2404teamDevelopment\pom.xml.
2025-01-20 23:22:37,553 [Worker-4: Maven プロジェクトの更新中] WARN  o.a.m.r.i.DefaultArtifactDescriptorReader - 1 problem was encountered while building the effective model for org.javassist:javassist:jar:3.20.0-GA during dependency collection step for project (use -X to see details)
2025-01-20 23:22:37,950 [Worker-4: Maven プロジェクトの更新中] INFO  o.e.m.j.i.AbstractJavaProjectConfigurator - Adding source folder /2404teamDevelopment/src/main/java
2025-01-20 23:22:37,951 [Worker-4: Maven プロジェクトの更新中] INFO  o.e.m.j.i.AbstractJavaProjectConfigurator - Adding resource folder /2404teamDevelopment/src/main/resources
2025-01-20 23:22:37,951 [Worker-4: Maven プロジェクトの更新中] INFO  o.e.m.j.i.AbstractJavaProjectConfigurator - Adding resource folder /2404teamDevelopment/src/main/resources
2025-01-20 23:22:37,952 [Worker-4: Maven プロジェクトの更新中] INFO  o.e.m.j.i.AbstractJavaProjectConfigurator - Adding source folder /2404teamDevelopment/src/test/java
2025-01-20 23:22:37,952 [Worker-4: Maven プロジェクトの更新中] INFO  o.e.m.j.i.AbstractJavaProjectConfigurator - Adding resource folder /2404teamDevelopment/src/test/resources
2025-01-20 23:22:38,293 [Worker-4: Maven プロジェクトの更新中] INFO  o.e.m.c.i.p.ProjectConfigurationManager - Update completed for 1 poms: local refresh takes 0.00 sec, refresh facades takes 0.00 sec, update config takes 0.00 sec 
2025-01-20 23:22:51,772 [Worker-6: ビルド] INFO  o.e.m.c.i.l.LifecycleMappingFactory - Using org.eclipse.m2e.jdt.JarLifecycleMapping lifecycle mapping for MavenProject: com.example:2404teamDevelopment:0.0.1-SNAPSHOT @ C:\Users\kazu-\2404\2404teamDevelopment\pom.xml.
2025-01-20 23:22:51,883 [Worker-6: ビルド] WARN  o.a.m.r.i.DefaultArtifactDescriptorReader - 1 problem was encountered while building the effective model for org.javassist:javassist:jar:3.20.0-GA during dependency collection step for project (use -X to see details)
2025-01-20 23:22:53,733 [Worker-6: ビルド] INFO  o.e.m.c.i.embedder.EclipseLogger - Using 'UTF-8' encoding to copy filtered resources.
2025-01-20 23:22:53,733 [Worker-6: ビルド] INFO  o.e.m.c.i.embedder.EclipseLogger - Using 'UTF-8' encoding to copy filtered properties files.
2025-01-20 23:22:53,733 [Worker-6: ビルド] INFO  o.e.m.c.i.embedder.EclipseLogger - Copying 1 resource
2025-01-20 23:22:53,759 [Worker-6: ビルド] INFO  o.e.m.c.i.embedder.EclipseLogger - Copying 12 resources
2025-01-20 23:22:53,804 [Worker-6: ビルド] INFO  o.e.m.c.i.embedder.EclipseLogger - Using 'UTF-8' encoding to copy filtered resources.
2025-01-20 23:22:53,804 [Worker-6: ビルド] INFO  o.e.m.c.i.embedder.EclipseLogger - Using 'UTF-8' encoding to copy filtered properties files.
2025-01-20 23:22:53,804 [Worker-6: ビルド] INFO  o.e.m.c.i.embedder.EclipseLogger - skip non existing resourceDirectory C:\Users\kazu-\2404\2404teamDevelopment\src\test\resources
2025-01-20 23:22:55,413 [Worker-11: ビルド] WARN  o.a.m.r.i.DefaultArtifactDescriptorReader - 1 problem was encountered while building the effective model for org.javassist:javassist:jar:3.20.0-GA during dependency collection step for project (use -X to see details)
2025-01-20 23:22:55,572 [Worker-11: ビルド] INFO  o.e.m.c.i.embedder.EclipseLogger - Using 'UTF-8' encoding to copy filtered resources.
2025-01-20 23:22:55,572 [Worker-11: ビルド] INFO  o.e.m.c.i.embedder.EclipseLogger - Using 'UTF-8' encoding to copy filtered properties files.
2025-01-20 23:22:55,572 [Worker-11: ビルド] INFO  o.e.m.c.i.embedder.EclipseLogger - Copying 1 resource
2025-01-20 23:22:55,574 [Worker-11: ビルド] INFO  o.e.m.c.i.embedder.EclipseLogger - Copying 12 resources
2025-01-20 23:22:55,606 [Worker-11: ビルド] INFO  o.e.m.c.i.embedder.EclipseLogger - Using 'UTF-8' encoding to copy filtered resources.
2025-01-20 23:22:55,606 [Worker-11: ビルド] INFO  o.e.m.c.i.embedder.EclipseLogger - Using 'UTF-8' encoding to copy filtered properties files.
2025-01-20 23:22:55,606 [Worker-11: ビルド] INFO  o.e.m.c.i.embedder.EclipseLogger - skip non existing resourceDirectory C:\Users\kazu-\2404\2404teamDevelopment\src\test\resources
2025-01-20 23:23:28,876 [Worker-4: ビルド] INFO  o.e.m.c.i.embedder.EclipseLogger - Using 'UTF-8' encoding to copy filtered resources.
2025-01-20 23:23:28,876 [Worker-4: ビルド] INFO  o.e.m.c.i.embedder.EclipseLogger - Using 'UTF-8' encoding to copy filtered properties files.
2025-01-20 23:23:28,880 [Worker-4: ビルド] INFO  o.e.m.c.i.embedder.EclipseLogger - Copying 0 resource
2025-01-20 23:23:28,883 [Worker-4: ビルド] INFO  o.e.m.c.i.embedder.EclipseLogger - Copying 0 resource
2025-01-20 23:23:28,887 [Worker-4: ビルド] INFO  o.e.m.c.i.embedder.EclipseLogger - Using 'UTF-8' encoding to copy filtered resources.
2025-01-20 23:23:28,887 [Worker-4: ビルド] INFO  o.e.m.c.i.embedder.EclipseLogger - Using 'UTF-8' encoding to copy filtered properties files.
2025-01-20 23:23:28,887 [Worker-4: ビルド] INFO  o.e.m.c.i.embedder.EclipseLogger - skip non existing resourceDirectory C:\Users\kazu-\2404\2404teamDevelopment\src\test\resources
2025-01-20 23:23:36,234 [Worker-4: ビルド] INFO  o.e.m.c.i.embedder.EclipseLogger - Using 'UTF-8' encoding to copy filtered resources.
2025-01-20 23:23:36,234 [Worker-4: ビルド] INFO  o.e.m.c.i.embedder.EclipseLogger - Using 'UTF-8' encoding to copy filtered properties files.
2025-01-20 23:23:36,234 [Worker-4: ビルド] INFO  o.e.m.c.i.embedder.EclipseLogger - Copying 1 resource
2025-01-20 23:23:36,237 [Worker-4: ビルド] INFO  o.e.m.c.i.embedder.EclipseLogger - Copying 10 resources
2025-01-20 23:23:36,242 [Worker-4: ビルド] INFO  o.e.m.c.i.embedder.EclipseLogger - Using 'UTF-8' encoding to copy filtered resources.
2025-01-20 23:23:36,242 [Worker-4: ビルド] INFO  o.e.m.c.i.embedder.EclipseLogger - Using 'UTF-8' encoding to copy filtered properties files.
2025-01-20 23:23:36,242 [Worker-4: ビルド] INFO  o.e.m.c.i.embedder.EclipseLogger - skip non existing resourceDirectory C:\Users\kazu-\2404\2404teamDevelopment\src\test\resources
2025-01-20 23:23:47,272 [Worker-1: ビルド] INFO  o.e.m.c.i.embedder.EclipseLogger - Using 'UTF-8' encoding to copy filtered resources.
2025-01-20 23:23:47,272 [Worker-1: ビルド] INFO  o.e.m.c.i.embedder.EclipseLogger - Using 'UTF-8' encoding to copy filtered properties files.
2025-01-20 23:23:47,274 [Worker-1: ビルド] INFO  o.e.m.c.i.embedder.EclipseLogger - Copying 0 resource
2025-01-20 23:23:47,276 [Worker-1: ビルド] INFO  o.e.m.c.i.embedder.EclipseLogger - Copying 0 resource
2025-01-20 23:23:47,280 [Worker-1: ビルド] INFO  o.e.m.c.i.embedder.EclipseLogger - Using 'UTF-8' encoding to copy filtered resources.
2025-01-20 23:23:47,280 [Worker-1: ビルド] INFO  o.e.m.c.i.embedder.EclipseLogger - Using 'UTF-8' encoding to copy filtered properties files.
2025-01-20 23:23:47,280 [Worker-1: ビルド] INFO  o.e.m.c.i.embedder.EclipseLogger - skip non existing resourceDirectory C:\Users\kazu-\2404\2404teamDevelopment\src\test\resources
2025-01-20 23:23:54,234 [Worker-10: ビルド] INFO  o.e.m.c.i.embedder.EclipseLogger - Using 'UTF-8' encoding to copy filtered resources.
2025-01-20 23:23:54,234 [Worker-10: ビルド] INFO  o.e.m.c.i.embedder.EclipseLogger - Using 'UTF-8' encoding to copy filtered properties files.
2025-01-20 23:23:54,234 [Worker-10: ビルド] INFO  o.e.m.c.i.embedder.EclipseLogger - Copying 1 resource
2025-01-20 23:23:54,237 [Worker-10: ビルド] INFO  o.e.m.c.i.embedder.EclipseLogger - Copying 9 resources
2025-01-20 23:23:54,241 [Worker-10: ビルド] INFO  o.e.m.c.i.embedder.EclipseLogger - Using 'UTF-8' encoding to copy filtered resources.
2025-01-20 23:23:54,241 [Worker-10: ビルド] INFO  o.e.m.c.i.embedder.EclipseLogger - Using 'UTF-8' encoding to copy filtered properties files.
2025-01-20 23:23:54,241 [Worker-10: ビルド] INFO  o.e.m.c.i.embedder.EclipseLogger - skip non existing resourceDirectory C:\Users\kazu-\2404\2404teamDevelopment\src\test\resources
2025-01-20 23:24:36,839 [Worker-2: ビルド] INFO  o.e.m.c.i.embedder.EclipseLogger - Using 'UTF-8' encoding to copy filtered resources.
2025-01-20 23:24:36,839 [Worker-2: ビルド] INFO  o.e.m.c.i.embedder.EclipseLogger - Using 'UTF-8' encoding to copy filtered properties files.
2025-01-20 23:24:36,840 [Worker-2: ビルド] INFO  o.e.m.c.i.embedder.EclipseLogger - Copying 0 resource
2025-01-20 23:24:36,842 [Worker-2: ビルド] INFO  o.e.m.c.i.embedder.EclipseLogger - Copying 0 resource
2025-01-20 23:24:36,846 [Worker-2: ビルド] INFO  o.e.m.c.i.embedder.EclipseLogger - Using 'UTF-8' encoding to copy filtered resources.
2025-01-20 23:24:36,847 [Worker-2: ビルド] INFO  o.e.m.c.i.embedder.EclipseLogger - Using 'UTF-8' encoding to copy filtered properties files.
2025-01-20 23:24:36,847 [Worker-2: ビルド] INFO  o.e.m.c.i.embedder.EclipseLogger - skip non existing resourceDirectory C:\Users\kazu-\2404\2404teamDevelopment\src\test\resources
2025-01-20 23:24:43,482 [Worker-8: ビルド] INFO  o.e.m.c.i.embedder.EclipseLogger - Using 'UTF-8' encoding to copy filtered resources.
2025-01-20 23:24:43,482 [Worker-8: ビルド] INFO  o.e.m.c.i.embedder.EclipseLogger - Using 'UTF-8' encoding to copy filtered properties files.
2025-01-20 23:24:43,482 [Worker-8: ビルド] INFO  o.e.m.c.i.embedder.EclipseLogger - Copying 1 resource
2025-01-20 23:24:43,484 [Worker-8: ビルド] INFO  o.e.m.c.i.embedder.EclipseLogger - Copying 8 resources
2025-01-20 23:24:43,488 [Worker-8: ビルド] INFO  o.e.m.c.i.embedder.EclipseLogger - Using 'UTF-8' encoding to copy filtered resources.
2025-01-20 23:24:43,488 [Worker-8: ビルド] INFO  o.e.m.c.i.embedder.EclipseLogger - Using 'UTF-8' encoding to copy filtered properties files.
2025-01-20 23:24:43,488 [Worker-8: ビルド] INFO  o.e.m.c.i.embedder.EclipseLogger - skip non existing resourceDirectory C:\Users\kazu-\2404\2404teamDevelopment\src\test\resources
2025-01-20 23:24:50,856 [Worker-10: ビルド] INFO  o.e.m.c.i.embedder.EclipseLogger - Using 'UTF-8' encoding to copy filtered resources.
2025-01-20 23:24:50,857 [Worker-10: ビルド] INFO  o.e.m.c.i.embedder.EclipseLogger - Using 'UTF-8' encoding to copy filtered properties files.
2025-01-20 23:24:50,857 [Worker-10: ビルド] INFO  o.e.m.c.i.embedder.EclipseLogger - Copying 0 resource
2025-01-20 23:24:50,859 [Worker-10: ビルド] INFO  o.e.m.c.i.embedder.EclipseLogger - Copying 0 resource
2025-01-20 23:24:50,863 [Worker-10: ビルド] INFO  o.e.m.c.i.embedder.EclipseLogger - Using 'UTF-8' encoding to copy filtered resources.
2025-01-20 23:24:50,863 [Worker-10: ビルド] INFO  o.e.m.c.i.embedder.EclipseLogger - Using 'UTF-8' encoding to copy filtered properties files.
2025-01-20 23:24:50,863 [Worker-10: ビルド] INFO  o.e.m.c.i.embedder.EclipseLogger - skip non existing resourceDirectory C:\Users\kazu-\2404\2404teamDevelopment\src\test\resources
2025-01-20 23:24:58,494 [Worker-5: ビルド] INFO  o.e.m.c.i.embedder.EclipseLogger - Using 'UTF-8' encoding to copy filtered resources.
2025-01-20 23:24:58,494 [Worker-5: ビルド] INFO  o.e.m.c.i.embedder.EclipseLogger - Using 'UTF-8' encoding to copy filtered properties files.
2025-01-20 23:24:58,494 [Worker-5: ビルド] INFO  o.e.m.c.i.embedder.EclipseLogger - Copying 1 resource
2025-01-20 23:24:58,496 [Worker-5: ビルド] INFO  o.e.m.c.i.embedder.EclipseLogger - Copying 6 resources
2025-01-20 23:24:58,500 [Worker-5: ビルド] INFO  o.e.m.c.i.embedder.EclipseLogger - Using 'UTF-8' encoding to copy filtered resources.
2025-01-20 23:24:58,500 [Worker-5: ビルド] INFO  o.e.m.c.i.embedder.EclipseLogger - Using 'UTF-8' encoding to copy filtered properties files.
2025-01-20 23:24:58,500 [Worker-5: ビルド] INFO  o.e.m.c.i.embedder.EclipseLogger - skip non existing resourceDirectory C:\Users\kazu-\2404\2404teamDevelopment\src\test\resources
2025-01-20 23:25:05,213 [Worker-11: ビルド] INFO  o.e.m.c.i.embedder.EclipseLogger - Using 'UTF-8' encoding to copy filtered resources.
2025-01-20 23:25:05,213 [Worker-11: ビルド] INFO  o.e.m.c.i.embedder.EclipseLogger - Using 'UTF-8' encoding to copy filtered properties files.
2025-01-20 23:25:05,214 [Worker-11: ビルド] INFO  o.e.m.c.i.embedder.EclipseLogger - Copying 0 resource
2025-01-20 23:25:05,215 [Worker-11: ビルド] INFO  o.e.m.c.i.embedder.EclipseLogger - Copying 0 resource
2025-01-20 23:25:05,218 [Worker-11: ビルド] INFO  o.e.m.c.i.embedder.EclipseLogger - Using 'UTF-8' encoding to copy filtered resources.
2025-01-20 23:25:05,218 [Worker-11: ビルド] INFO  o.e.m.c.i.embedder.EclipseLogger - Using 'UTF-8' encoding to copy filtered properties files.
2025-01-20 23:25:05,218 [Worker-11: ビルド] INFO  o.e.m.c.i.embedder.EclipseLogger - skip non existing resourceDirectory C:\Users\kazu-\2404\2404teamDevelopment\src\test\resources
2025-01-20 23:25:11,859 [Worker-7: ビルド] INFO  o.e.m.c.i.embedder.EclipseLogger - Using 'UTF-8' encoding to copy filtered resources.
2025-01-20 23:25:11,859 [Worker-7: ビルド] INFO  o.e.m.c.i.embedder.EclipseLogger - Using 'UTF-8' encoding to copy filtered properties files.
2025-01-20 23:25:11,860 [Worker-7: ビルド] INFO  o.e.m.c.i.embedder.EclipseLogger - Copying 0 resource
2025-01-20 23:25:11,862 [Worker-7: ビルド] INFO  o.e.m.c.i.embedder.EclipseLogger - Copying 0 resource
2025-01-20 23:25:11,864 [Worker-7: ビルド] INFO  o.e.m.c.i.embedder.EclipseLogger - Using 'UTF-8' encoding to copy filtered resources.
2025-01-20 23:25:11,864 [Worker-7: ビルド] INFO  o.e.m.c.i.embedder.EclipseLogger - Using 'UTF-8' encoding to copy filtered properties files.
2025-01-20 23:25:11,864 [Worker-7: ビルド] INFO  o.e.m.c.i.embedder.EclipseLogger - skip non existing resourceDirectory C:\Users\kazu-\2404\2404teamDevelopment\src\test\resources
2025-01-20 23:25:19,520 [Worker-8: ビルド] INFO  o.e.m.c.i.embedder.EclipseLogger - Using 'UTF-8' encoding to copy filtered resources.
2025-01-20 23:25:19,520 [Worker-8: ビルド] INFO  o.e.m.c.i.embedder.EclipseLogger - Using 'UTF-8' encoding to copy filtered properties files.
2025-01-20 23:25:19,520 [Worker-8: ビルド] INFO  o.e.m.c.i.embedder.EclipseLogger - Copying 1 resource
2025-01-20 23:25:19,523 [Worker-8: ビルド] INFO  o.e.m.c.i.embedder.EclipseLogger - Copying 4 resources
2025-01-20 23:25:19,526 [Worker-8: ビルド] INFO  o.e.m.c.i.embedder.EclipseLogger - Using 'UTF-8' encoding to copy filtered resources.
2025-01-20 23:25:19,526 [Worker-8: ビルド] INFO  o.e.m.c.i.embedder.EclipseLogger - Using 'UTF-8' encoding to copy filtered properties files.
2025-01-20 23:25:19,526 [Worker-8: ビルド] INFO  o.e.m.c.i.embedder.EclipseLogger - skip non existing resourceDirectory C:\Users\kazu-\2404\2404teamDevelopment\src\test\resources
2025-01-20 23:25:40,845 [Worker-4: ビルド] INFO  o.e.m.c.i.embedder.EclipseLogger - Using 'UTF-8' encoding to copy filtered resources.
2025-01-20 23:25:40,845 [Worker-4: ビルド] INFO  o.e.m.c.i.embedder.EclipseLogger - Using 'UTF-8' encoding to copy filtered properties files.
2025-01-20 23:25:40,847 [Worker-4: ビルド] INFO  o.e.m.c.i.embedder.EclipseLogger - Copying 1 resource
2025-01-20 23:25:40,851 [Worker-4: ビルド] INFO  o.e.m.c.i.embedder.EclipseLogger - Copying 0 resource
2025-01-20 23:25:40,853 [Worker-4: ビルド] INFO  o.e.m.c.i.embedder.EclipseLogger - Using 'UTF-8' encoding to copy filtered resources.
2025-01-20 23:25:40,853 [Worker-4: ビルド] INFO  o.e.m.c.i.embedder.EclipseLogger - Using 'UTF-8' encoding to copy filtered properties files.
2025-01-20 23:25:40,853 [Worker-4: ビルド] INFO  o.e.m.c.i.embedder.EclipseLogger - skip non existing resourceDirectory C:\Users\kazu-\2404\2404teamDevelopment\src\test\resources
2025-01-20 23:26:09,614 [Worker-5: ビルド] INFO  o.e.m.c.i.embedder.EclipseLogger - Using 'UTF-8' encoding to copy filtered resources.
2025-01-20 23:26:09,615 [Worker-5: ビルド] INFO  o.e.m.c.i.embedder.EclipseLogger - Using 'UTF-8' encoding to copy filtered properties files.
2025-01-20 23:26:09,615 [Worker-5: ビルド] INFO  o.e.m.c.i.embedder.EclipseLogger - Copying 1 resource
2025-01-20 23:26:09,617 [Worker-5: ビルド] INFO  o.e.m.c.i.embedder.EclipseLogger - Copying 4 resources
2025-01-20 23:26:09,621 [Worker-5: ビルド] INFO  o.e.m.c.i.embedder.EclipseLogger - Using 'UTF-8' encoding to copy filtered resources.
2025-01-20 23:26:09,621 [Worker-5: ビルド] INFO  o.e.m.c.i.embedder.EclipseLogger - Using 'UTF-8' encoding to copy filtered properties files.
2025-01-20 23:26:09,621 [Worker-5: ビルド] INFO  o.e.m.c.i.embedder.EclipseLogger - skip non existing resourceDirectory C:\Users\kazu-\2404\2404teamDevelopment\src\test\resources
2025-01-20 23:26:14,624 [Worker-7: ビルド] INFO  o.e.m.c.i.embedder.EclipseLogger - Using 'UTF-8' encoding to copy filtered resources.
2025-01-20 23:26:14,624 [Worker-7: ビルド] INFO  o.e.m.c.i.embedder.EclipseLogger - Using 'UTF-8' encoding to copy filtered properties files.
2025-01-20 23:26:14,624 [Worker-7: ビルド] INFO  o.e.m.c.i.embedder.EclipseLogger - Copying 1 resource
2025-01-20 23:26:14,627 [Worker-7: ビルド] INFO  o.e.m.c.i.embedder.EclipseLogger - Copying 4 resources
2025-01-20 23:26:14,632 [Worker-7: ビルド] INFO  o.e.m.c.i.embedder.EclipseLogger - Using 'UTF-8' encoding to copy filtered resources.
2025-01-20 23:26:14,632 [Worker-7: ビルド] INFO  o.e.m.c.i.embedder.EclipseLogger - Using 'UTF-8' encoding to copy filtered properties files.
2025-01-20 23:26:14,632 [Worker-7: ビルド] INFO  o.e.m.c.i.embedder.EclipseLogger - skip non existing resourceDirectory C:\Users\kazu-\2404\2404teamDevelopment\src\test\resources
2025-01-20 23:26:30,667 [Worker-10: ビルド] INFO  o.e.m.c.i.embedder.EclipseLogger - Using 'UTF-8' encoding to copy filtered resources.
2025-01-20 23:26:30,667 [Worker-10: ビルド] INFO  o.e.m.c.i.embedder.EclipseLogger - Using 'UTF-8' encoding to copy filtered properties files.
2025-01-20 23:26:30,667 [Worker-10: ビルド] INFO  o.e.m.c.i.embedder.EclipseLogger - Copying 1 resource
2025-01-20 23:26:30,669 [Worker-10: ビルド] INFO  o.e.m.c.i.embedder.EclipseLogger - Copying 4 resources
2025-01-20 23:26:30,674 [Worker-10: ビルド] INFO  o.e.m.c.i.embedder.EclipseLogger - Using 'UTF-8' encoding to copy filtered resources.
2025-01-20 23:26:30,674 [Worker-10: ビルド] INFO  o.e.m.c.i.embedder.EclipseLogger - Using 'UTF-8' encoding to copy filtered properties files.
2025-01-20 23:26:30,674 [Worker-10: ビルド] INFO  o.e.m.c.i.embedder.EclipseLogger - skip non existing resourceDirectory C:\Users\kazu-\2404\2404teamDevelopment\src\test\resources
2025-01-20 23:26:36,740 [Worker-1: ビルド] INFO  o.e.m.c.i.embedder.EclipseLogger - Using 'UTF-8' encoding to copy filtered resources.
2025-01-20 23:26:36,740 [Worker-1: ビルド] INFO  o.e.m.c.i.embedder.EclipseLogger - Using 'UTF-8' encoding to copy filtered properties files.
2025-01-20 23:26:36,741 [Worker-1: ビルド] INFO  o.e.m.c.i.embedder.EclipseLogger - Copying 1 resource
2025-01-20 23:26:36,743 [Worker-1: ビルド] INFO  o.e.m.c.i.embedder.EclipseLogger - Copying 4 resources
2025-01-20 23:26:36,747 [Worker-1: ビルド] INFO  o.e.m.c.i.embedder.EclipseLogger - Using 'UTF-8' encoding to copy filtered resources.
2025-01-20 23:26:36,747 [Worker-1: ビルド] INFO  o.e.m.c.i.embedder.EclipseLogger - Using 'UTF-8' encoding to copy filtered properties files.
2025-01-20 23:26:36,747 [Worker-1: ビルド] INFO  o.e.m.c.i.embedder.EclipseLogger - skip non existing resourceDirectory C:\Users\kazu-\2404\2404teamDevelopment\src\test\resources
2025-01-20 23:26:47,054 [Worker-3: ビルド] INFO  o.e.m.c.i.embedder.EclipseLogger - Using 'UTF-8' encoding to copy filtered resources.
2025-01-20 23:26:47,055 [Worker-3: ビルド] INFO  o.e.m.c.i.embedder.EclipseLogger - Using 'UTF-8' encoding to copy filtered properties files.
2025-01-20 23:26:47,055 [Worker-3: ビルド] INFO  o.e.m.c.i.embedder.EclipseLogger - Copying 1 resource
2025-01-20 23:26:47,057 [Worker-3: ビルド] INFO  o.e.m.c.i.embedder.EclipseLogger - Copying 4 resources
2025-01-20 23:26:47,061 [Worker-3: ビルド] INFO  o.e.m.c.i.embedder.EclipseLogger - Using 'UTF-8' encoding to copy filtered resources.
2025-01-20 23:26:47,061 [Worker-3: ビルド] INFO  o.e.m.c.i.embedder.EclipseLogger - Using 'UTF-8' encoding to copy filtered properties files.
2025-01-20 23:26:47,062 [Worker-3: ビルド] INFO  o.e.m.c.i.embedder.EclipseLogger - skip non existing resourceDirectory C:\Users\kazu-\2404\2404teamDevelopment\src\test\resources
2025-01-20 23:26:50,519 [Worker-9: ビルド] INFO  o.e.m.c.i.embedder.EclipseLogger - Using 'UTF-8' encoding to copy filtered resources.
2025-01-20 23:26:50,519 [Worker-9: ビルド] INFO  o.e.m.c.i.embedder.EclipseLogger - Using 'UTF-8' encoding to copy filtered properties files.
2025-01-20 23:26:50,520 [Worker-9: ビルド] INFO  o.e.m.c.i.embedder.EclipseLogger - Copying 1 resource
2025-01-20 23:26:50,522 [Worker-9: ビルド] INFO  o.e.m.c.i.embedder.EclipseLogger - Copying 4 resources
2025-01-20 23:26:50,526 [Worker-9: ビルド] INFO  o.e.m.c.i.embedder.EclipseLogger - Using 'UTF-8' encoding to copy filtered resources.
2025-01-20 23:26:50,526 [Worker-9: ビルド] INFO  o.e.m.c.i.embedder.EclipseLogger - Using 'UTF-8' encoding to copy filtered properties files.
2025-01-20 23:26:50,526 [Worker-9: ビルド] INFO  o.e.m.c.i.embedder.EclipseLogger - skip non existing resourceDirectory C:\Users\kazu-\2404\2404teamDevelopment\src\test\resources
2025-01-20 23:26:56,397 [Worker-11: ビルド] INFO  o.e.m.c.i.embedder.EclipseLogger - Using 'UTF-8' encoding to copy filtered resources.
2025-01-20 23:26:56,397 [Worker-11: ビルド] INFO  o.e.m.c.i.embedder.EclipseLogger - Using 'UTF-8' encoding to copy filtered properties files.
2025-01-20 23:26:56,397 [Worker-11: ビルド] INFO  o.e.m.c.i.embedder.EclipseLogger - Copying 1 resource
2025-01-20 23:26:56,400 [Worker-11: ビルド] INFO  o.e.m.c.i.embedder.EclipseLogger - Copying 4 resources
2025-01-20 23:26:56,405 [Worker-11: ビルド] INFO  o.e.m.c.i.embedder.EclipseLogger - Using 'UTF-8' encoding to copy filtered resources.
2025-01-20 23:26:56,405 [Worker-11: ビルド] INFO  o.e.m.c.i.embedder.EclipseLogger - Using 'UTF-8' encoding to copy filtered properties files.
2025-01-20 23:26:56,405 [Worker-11: ビルド] INFO  o.e.m.c.i.embedder.EclipseLogger - skip non existing resourceDirectory C:\Users\kazu-\2404\2404teamDevelopment\src\test\resources
2025-01-20 23:27:03,627 [Worker-6: ビルド] INFO  o.e.m.c.i.embedder.EclipseLogger - Using 'UTF-8' encoding to copy filtered resources.
2025-01-20 23:27:03,627 [Worker-6: ビルド] INFO  o.e.m.c.i.embedder.EclipseLogger - Using 'UTF-8' encoding to copy filtered properties files.
2025-01-20 23:27:03,627 [Worker-6: ビルド] INFO  o.e.m.c.i.embedder.EclipseLogger - Copying 1 resource
2025-01-20 23:27:03,629 [Worker-6: ビルド] INFO  o.e.m.c.i.embedder.EclipseLogger - Copying 4 resources
2025-01-20 23:27:03,633 [Worker-6: ビルド] INFO  o.e.m.c.i.embedder.EclipseLogger - Using 'UTF-8' encoding to copy filtered resources.
2025-01-20 23:27:03,633 [Worker-6: ビルド] INFO  o.e.m.c.i.embedder.EclipseLogger - Using 'UTF-8' encoding to copy filtered properties files.
2025-01-20 23:27:03,633 [Worker-6: ビルド] INFO  o.e.m.c.i.embedder.EclipseLogger - skip non existing resourceDirectory C:\Users\kazu-\2404\2404teamDevelopment\src\test\resources
2025-01-20 23:27:09,011 [Worker-4: ビルド] INFO  o.e.m.c.i.embedder.EclipseLogger - Using 'UTF-8' encoding to copy filtered resources.
2025-01-20 23:27:09,011 [Worker-4: ビルド] INFO  o.e.m.c.i.embedder.EclipseLogger - Using 'UTF-8' encoding to copy filtered properties files.
2025-01-20 23:27:09,011 [Worker-4: ビルド] INFO  o.e.m.c.i.embedder.EclipseLogger - Copying 1 resource
2025-01-20 23:27:09,014 [Worker-4: ビルド] INFO  o.e.m.c.i.embedder.EclipseLogger - Copying 4 resources
2025-01-20 23:27:09,017 [Worker-4: ビルド] INFO  o.e.m.c.i.embedder.EclipseLogger - Using 'UTF-8' encoding to copy filtered resources.
2025-01-20 23:27:09,017 [Worker-4: ビルド] INFO  o.e.m.c.i.embedder.EclipseLogger - Using 'UTF-8' encoding to copy filtered properties files.
2025-01-20 23:27:09,017 [Worker-4: ビルド] INFO  o.e.m.c.i.embedder.EclipseLogger - skip non existing resourceDirectory C:\Users\kazu-\2404\2404teamDevelopment\src\test\resources
2025-01-20 23:27:12,782 [Worker-1: ビルド] INFO  o.e.m.c.i.embedder.EclipseLogger - Using 'UTF-8' encoding to copy filtered resources.
2025-01-20 23:27:12,784 [Worker-1: ビルド] INFO  o.e.m.c.i.embedder.EclipseLogger - Using 'UTF-8' encoding to copy filtered properties files.
2025-01-20 23:27:12,784 [Worker-1: ビルド] INFO  o.e.m.c.i.embedder.EclipseLogger - Copying 1 resource
2025-01-20 23:27:12,786 [Worker-1: ビルド] INFO  o.e.m.c.i.embedder.EclipseLogger - Copying 4 resources
2025-01-20 23:27:12,790 [Worker-1: ビルド] INFO  o.e.m.c.i.embedder.EclipseLogger - Using 'UTF-8' encoding to copy filtered resources.
2025-01-20 23:27:12,790 [Worker-1: ビルド] INFO  o.e.m.c.i.embedder.EclipseLogger - Using 'UTF-8' encoding to copy filtered properties files.
2025-01-20 23:27:12,790 [Worker-1: ビルド] INFO  o.e.m.c.i.embedder.EclipseLogger - skip non existing resourceDirectory C:\Users\kazu-\2404\2404teamDevelopment\src\test\resources
